\BOOKMARK [0][-]{chapter.1}{\376\377\000I\000n\000t\000r\000o\000d\000u\000c\000t\000i\000o\000n}{}% 1
\BOOKMARK [1][-]{section.1.1}{\376\377\000B\000a\000c\000k\000g\000r\000o\000u\000n\000d}{chapter.1}% 2
\BOOKMARK [1][-]{section.1.2}{\376\377\000O\000b\000j\000e\000c\000t\000i\000v\000e\000s}{chapter.1}% 3
\BOOKMARK [1][-]{section.1.3}{\376\377\000S\000t\000r\000c\000t\000u\000r\000e\000\040\000o\000f\000\040\000t\000h\000e\000\040\000T\000h\000e\000s\000i\000s}{chapter.1}% 4
\BOOKMARK [0][-]{chapter.2}{\376\377\000O\000v\000e\000r\000v\000i\000e\000w\000\040\000o\000f\000\040\000M\000a\000i\000n\000\040\000V\000S\000G\000\040\000T\000o\000p\000o\000l\000o\000g\000i\000e\000s}{}% 5
\BOOKMARK [1][-]{section.2.1}{\376\377\000V\000S\000Y\000N\000C\000\040\000P\000r\000o\000j\000e\000c\000t\000'\000s\000\040\000V\000S\000G\000\040\000T\000o\000p\000o\000l\000o\000g\000y}{chapter.2}% 6
\BOOKMARK [1][-]{section.2.2}{\376\377\000I\000E\000P\000E\000'\000s\000\040\000V\000S\000G\000\040\000T\000o\000p\000o\000l\000o\000g\000y}{chapter.2}% 7
\BOOKMARK [1][-]{section.2.3}{\376\377\000K\000H\000I\000s\000'\000\040\000V\000S\000G\000\040\000T\000o\000p\000o\000l\000o\000g\000y}{chapter.2}% 8
\BOOKMARK [1][-]{section.2.4}{\376\377\000I\000S\000E\000\040\000L\000a\000b\000'\000s\000\040\000V\000S\000G\000\040\000T\000o\000p\000o\000l\000o\000g\000y}{chapter.2}% 9
\BOOKMARK [1][-]{section.2.5}{\376\377\000S\000y\000n\000c\000h\000r\000o\000n\000v\000e\000r\000t\000e\000r}{chapter.2}% 10
\BOOKMARK [0][-]{section*.9}{\376\377\000A\000p\000p\000e\000n\000d\000i\000c\000e\000s}{}% 11
\BOOKMARK [0][-]{appendix.1.A}{\376\377\000S\000y\000n\000c\000h\000r\000o\000n\000o\000u\000s\000\040\000G\000e\000n\000e\000r\000a\000t\000o\000r\000s}{}% 12
\BOOKMARK [1][-]{section.1.A.1}{\376\377\000M\000o\000d\000e\000l\000i\000n\000g\000\040\000o\000f\000\040\000S\000y\000n\000c\000h\000r\000o\000n\000o\000u\000s\000\040\000G\000e\000n\000e\000r\000a\000t\000o\000r\000s}{appendix.1.A}% 13
\BOOKMARK [2][-]{subsection.1.A.1.1}{\376\377\000G\000e\000n\000e\000r\000a\000l\000\040\000S\000t\000r\000u\000c\000t\000u\000r\000e\000\040\000o\000f\000\040\000S\000y\000n\000c\000h\000r\000o\000n\000o\000u\000s\000\040\000G\000e\000n\000e\000r\000a\000t\000o\000r\000s}{section.1.A.1}% 14
\BOOKMARK [2][-]{subsection.1.A.1.2}{\376\377\000L\000i\000n\000e\000a\000r\000\040\000M\000a\000g\000n\000e\000t\000i\000c\000\040\000C\000i\000r\000c\000u\000i\000t}{section.1.A.1}% 15
\BOOKMARK [2][-]{subsection.1.A.1.3}{\376\377\000P\000a\000r\000k\000'\000s\000\040\000T\000r\000a\000n\000s\000f\000o\000r\000m\000a\000t\000i\000o\000n\000\040\000\050\000d\000q\0000\000-\000t\000r\000a\000n\000s\000f\000o\000r\000m\000a\000t\000i\000o\000n\000\051}{section.1.A.1}% 16
\BOOKMARK [2][-]{subsection.1.A.1.4}{\376\377\000P\000e\000r\000-\000U\000n\000i\000t\000\040\000S\000y\000s\000t\000e\000m}{section.1.A.1}% 17
\BOOKMARK [2][-]{subsection.1.A.1.5}{\376\377\000P\000a\000r\000k\000'\000s\000\040\000M\000o\000d\000e\000l\000\040\000\050\000D\000e\000t\000a\000i\000l\000e\000d\000\040\000M\000o\000d\000e\000l\000\051}{section.1.A.1}% 18
\BOOKMARK [2][-]{subsection.1.A.1.6}{\376\377\0002\000-\000a\000x\000i\000s\000\040\000M\000o\000d\000e\000l\000\040\000\050\000S\000u\000b\000t\000r\000a\000n\000s\000i\000e\000n\000t\000\040\000M\000o\000d\000e\000l\000\051}{section.1.A.1}% 19
\BOOKMARK [2][-]{subsection.1.A.1.7}{\376\377\0001\000-\000a\000x\000i\000s\000\040\000M\000o\000d\000e\000l\000\040\000\050\000F\000l\000u\000x\000-\000D\000e\000c\000a\000y\000\040\000M\000o\000d\000e\000l\000\051}{section.1.A.1}% 20
\BOOKMARK [2][-]{subsection.1.A.1.8}{\376\377\000C\000l\000a\000s\000s\000i\000c\000a\000l\000\040\000M\000o\000d\000e\000l}{section.1.A.1}% 21
\BOOKMARK [1][-]{section.1.A.2}{\376\377\000M\000o\000d\000e\000l\000i\000n\000g\000\040\000o\000f\000\040\000E\000x\000c\000i\000t\000e\000r\000\040\000a\000n\000d\000\040\000A\000u\000t\000o\000m\000a\000t\000i\000c\000\040\000V\000o\000l\000t\000a\000g\000e\000\040\000R\000e\000g\000u\000l\000a\000t\000o\000r\000\040\000\050\000A\000V\000R\000\051}{appendix.1.A}% 22
\BOOKMARK [1][-]{section.1.A.3}{\376\377\000M\000o\000d\000e\000l\000i\000n\000g\000\040\000o\000f\000\040\000T\000u\000r\000b\000i\000n\000e\000/\000G\000o\000v\000e\000r\000n\000o\000r}{appendix.1.A}% 23
\BOOKMARK [1][-]{section.1.A.4}{\376\377\000P\000o\000w\000e\000r\000\040\000S\000y\000s\000t\000e\000m\000\040\000S\000t\000a\000b\000i\000l\000i\000z\000e\000r\000\040\000\050\000P\000S\000S\000\051}{appendix.1.A}% 24
\BOOKMARK [1][-]{section.1.A.5}{\376\377\000A\000u\000t\000o\000m\000a\000t\000i\000c\000\040\000G\000e\000n\000e\000r\000a\000t\000i\000o\000n\000\040\000C\000o\000n\000t\000r\000o\000l\000\040\000\050\000A\000G\000C\000\051}{appendix.1.A}% 25
\BOOKMARK [0][-]{appendix*.12}{\376\377\000R\000e\000f\000e\000r\000e\000n\000c\000e\000s}{}% 26
