This is pdfTeX, Version 3.141592653-2.6-1.40.24 (TeX Live 2022) (preloaded format=pdflatex 2022.11.15)  8 FEB 2024 14:46
entering extended mode
 restricted \write18 enabled.
 file:line:error style messages enabled.
 %&-line parsing enabled.
**/Users/vuekawa/repos/master_thesis/main.tex
(/Users/vuekawa/repos/master_thesis/main.tex
LaTeX2e <2021-11-15> patch level 1
L3 programming layer <2022-02-24> (./iscs-thesis.cls
Document Class: iscs-thesis 2014/09/02 v1.3b Dept of IS/CS thesis class
\bindoffset=\skip47
\c@part=\count185
\c@chapter=\count186
\c@section=\count187
\c@subsection=\count188
\c@subsubsection=\count189
\c@paragraph=\count190
\c@subparagraph=\count191
\eabstractbox=\box50
\jabstractbox=\box51
\c@figure=\count192
\c@table=\count193
\abovecaptionskip=\skip48
\belowcaptionskip=\skip49
\bibindent=\dimen138
) (./imports.tex (/usr/local/texlive/2022/texmf-dist/tex/latex/graphics/graphicx.sty
Package: graphicx 2021/09/16 v1.2d Enhanced LaTeX Graphics (DPC,SPQR)
 (/usr/local/texlive/2022/texmf-dist/tex/latex/graphics/keyval.sty
Package: keyval 2014/10/28 v1.15 key=value parser (DPC)
\KV@toks@=\toks16
) (/usr/local/texlive/2022/texmf-dist/tex/latex/graphics/graphics.sty
Package: graphics 2021/03/04 v1.4d Standard LaTeX Graphics (DPC,SPQR)
 (/usr/local/texlive/2022/texmf-dist/tex/latex/graphics/trig.sty
Package: trig 2021/08/11 v1.11 sin cos tan (DPC)
) (/usr/local/texlive/2022/texmf-dist/tex/latex/graphics-cfg/graphics.cfg
File: graphics.cfg 2016/06/04 v1.11 sample graphics configuration
)
Package graphics Info: Driver file: pdftex.def on input line 107.
 (/usr/local/texlive/2022/texmf-dist/tex/latex/graphics-def/pdftex.def
File: pdftex.def 2020/10/05 v1.2a Graphics/color driver for pdftex
))
\Gin@req@height=\dimen139
\Gin@req@width=\dimen140
) (/usr/local/texlive/2022/texmf-dist/tex/latex/graphics/color.sty
Package: color 2021/12/07 v1.3c Standard LaTeX Color (DPC)
 (/usr/local/texlive/2022/texmf-dist/tex/latex/graphics-cfg/color.cfg
File: color.cfg 2016/01/02 v1.6 sample color configuration
)
Package color Info: Driver file: pdftex.def on input line 149.
) (/usr/local/texlive/2022/texmf-dist/tex/latex/amsfonts/amssymb.sty
Package: amssymb 2013/01/14 v3.01 AMS font symbols
 (/usr/local/texlive/2022/texmf-dist/tex/latex/amsfonts/amsfonts.sty
Package: amsfonts 2013/01/14 v3.01 Basic AMSFonts support
\@emptytoks=\toks17
\symAMSa=\mathgroup4
\symAMSb=\mathgroup5
LaTeX Font Info:    Redeclaring math symbol \hbar on input line 98.
LaTeX Font Info:    Overwriting math alphabet `\mathfrak' in version `bold'
(Font)                  U/euf/m/n --> U/euf/b/n on input line 106.
)) (/usr/local/texlive/2022/texmf-dist/tex/latex/amsmath/amsmath.sty
Package: amsmath 2021/10/15 v2.17l AMS math features
\@mathmargin=\skip50

For additional information on amsmath, use the `?' option.
(/usr/local/texlive/2022/texmf-dist/tex/latex/amsmath/amstext.sty
Package: amstext 2021/08/26 v2.01 AMS text
 (/usr/local/texlive/2022/texmf-dist/tex/latex/amsmath/amsgen.sty
File: amsgen.sty 1999/11/30 v2.0 generic functions
\@emptytoks=\toks18
\ex@=\dimen141
)) (/usr/local/texlive/2022/texmf-dist/tex/latex/amsmath/amsbsy.sty
Package: amsbsy 1999/11/29 v1.2d Bold Symbols
\pmbraise@=\dimen142
) (/usr/local/texlive/2022/texmf-dist/tex/latex/amsmath/amsopn.sty
Package: amsopn 2021/08/26 v2.02 operator names
)
\inf@bad=\count194
LaTeX Info: Redefining \frac on input line 234.
\uproot@=\count195
\leftroot@=\count196
LaTeX Info: Redefining \overline on input line 399.
\classnum@=\count197
\DOTSCASE@=\count198
LaTeX Info: Redefining \ldots on input line 496.
LaTeX Info: Redefining \dots on input line 499.
LaTeX Info: Redefining \cdots on input line 620.
\Mathstrutbox@=\box52
\strutbox@=\box53
\big@size=\dimen143
LaTeX Font Info:    Redeclaring font encoding OML on input line 743.
LaTeX Font Info:    Redeclaring font encoding OMS on input line 744.
\macc@depth=\count199
\c@MaxMatrixCols=\count266
\dotsspace@=\muskip16
\c@parentequation=\count267
\dspbrk@lvl=\count268
\tag@help=\toks19
\row@=\count269
\column@=\count270
\maxfields@=\count271
\andhelp@=\toks20
\eqnshift@=\dimen144
\alignsep@=\dimen145
\tagshift@=\dimen146
\tagwidth@=\dimen147
\totwidth@=\dimen148
\lineht@=\dimen149
\@envbody=\toks21
\multlinegap=\skip51
\multlinetaggap=\skip52
\mathdisplay@stack=\toks22
LaTeX Info: Redefining \[ on input line 2938.
LaTeX Info: Redefining \] on input line 2939.
) (/usr/local/texlive/2022/texmf-dist/tex/latex/cases/cases.sty
Package: cases 2020/03/29 ver 3.2
\numc@numwid=\dimen150
) (/usr/local/texlive/2022/texmf-dist/tex/latex/base/inputenc.sty
Package: inputenc 2021/02/14 v1.3d Input encoding file
\inpenc@prehook=\toks23
\inpenc@posthook=\toks24
) (/usr/local/texlive/2022/texmf-dist/tex/latex/mathtools/mathtools.sty
Package: mathtools 2022/02/07 v1.28a mathematical typesetting tools
 (/usr/local/texlive/2022/texmf-dist/tex/latex/tools/calc.sty
Package: calc 2017/05/25 v4.3 Infix arithmetic (KKT,FJ)
\calc@Acount=\count272
\calc@Bcount=\count273
\calc@Adimen=\dimen151
\calc@Bdimen=\dimen152
\calc@Askip=\skip53
\calc@Bskip=\skip54
LaTeX Info: Redefining \setlength on input line 80.
LaTeX Info: Redefining \addtolength on input line 81.
\calc@Ccount=\count274
\calc@Cskip=\skip55
) (/usr/local/texlive/2022/texmf-dist/tex/latex/mathtools/mhsetup.sty
Package: mhsetup 2021/03/18 v1.4 programming setup (MH)
)
\g_MT_multlinerow_int=\count275
\l_MT_multwidth_dim=\dimen153
\origjot=\skip56
\l_MT_shortvdotswithinadjustabove_dim=\dimen154
\l_MT_shortvdotswithinadjustbelow_dim=\dimen155
\l_MT_above_intertext_sep=\dimen156
\l_MT_below_intertext_sep=\dimen157
\l_MT_above_shortintertext_sep=\dimen158
\l_MT_below_shortintertext_sep=\dimen159
\xmathstrut@box=\box54
\xmathstrut@dim=\dimen160
) (/usr/local/texlive/2022/texmf-dist/tex/latex/tools/indentfirst.sty
Package: indentfirst 1995/11/23 v1.03 Indent first paragraph (DPC)
) (/usr/local/texlive/2022/texmf-dist/tex/latex/booktabs/booktabs.sty
Package: booktabs 2020/01/12 v1.61803398 Publication quality tables
\heavyrulewidth=\dimen161
\lightrulewidth=\dimen162
\cmidrulewidth=\dimen163
\belowrulesep=\dimen164
\belowbottomsep=\dimen165
\aboverulesep=\dimen166
\abovetopsep=\dimen167
\cmidrulesep=\dimen168
\cmidrulekern=\dimen169
\defaultaddspace=\dimen170
\@cmidla=\count276
\@cmidlb=\count277
\@aboverulesep=\dimen171
\@belowrulesep=\dimen172
\@thisruleclass=\count278
\@lastruleclass=\count279
\@thisrulewidth=\dimen173
) (/usr/local/texlive/2022/texmf-dist/tex/latex/caption/caption.sty
Package: caption 2022/03/01 v3.6b Customizing captions (AR)
 (/usr/local/texlive/2022/texmf-dist/tex/latex/caption/caption3.sty
Package: caption3 2022/03/17 v2.3b caption3 kernel (AR)
\caption@tempdima=\dimen174
\captionmargin=\dimen175
\caption@leftmargin=\dimen176
\caption@rightmargin=\dimen177
\caption@width=\dimen178
\caption@indent=\dimen179
\caption@parindent=\dimen180
\caption@hangindent=\dimen181
Package caption Info: Standard document class detected.
)
\c@caption@flags=\count280
\c@continuedfloat=\count281
) (/usr/local/texlive/2022/texmf-dist/tex/latex/caption/subcaption.sty
Package: subcaption 2022/01/07 v1.5 Sub-captions (AR)
\c@subfigure=\count282
\c@subtable=\count283
) (/usr/local/texlive/2022/texmf-dist/tex/latex/tools/multicol.sty
Package: multicol 2021/10/28 v1.9b multicolumn formatting (FMi)
\c@tracingmulticols=\count284
\mult@box=\box55
\multicol@leftmargin=\dimen182
\c@unbalance=\count285
\c@collectmore=\count286
\doublecol@number=\count287
\multicoltolerance=\count288
\multicolpretolerance=\count289
\full@width=\dimen183
\page@free=\dimen184
\premulticols=\dimen185
\postmulticols=\dimen186
\multicolsep=\skip57
\multicolbaselineskip=\skip58
\partial@page=\box56
\last@line=\box57
\maxbalancingoverflow=\dimen187
\mult@rightbox=\box58
\mult@grightbox=\box59
\mult@firstbox=\box60
\mult@gfirstbox=\box61
\@tempa=\box62
\@tempa=\box63
\@tempa=\box64
\@tempa=\box65
\@tempa=\box66
\@tempa=\box67
\@tempa=\box68
\@tempa=\box69
\@tempa=\box70
\@tempa=\box71
\@tempa=\box72
\@tempa=\box73
\@tempa=\box74
\@tempa=\box75
\@tempa=\box76
\@tempa=\box77
\@tempa=\box78
\@tempa=\box79
\@tempa=\box80
\@tempa=\box81
\@tempa=\box82
\@tempa=\box83
\@tempa=\box84
\@tempa=\box85
\@tempa=\box86
\@tempa=\box87
\@tempa=\box88
\@tempa=\box89
\@tempa=\box90
\@tempa=\box91
\@tempa=\box92
\@tempa=\box93
\@tempa=\box94
\@tempa=\box95
\@tempa=\box96
\@tempa=\box97
\c@minrows=\count290
\c@columnbadness=\count291
\c@finalcolumnbadness=\count292
\last@try=\dimen188
\multicolovershoot=\dimen189
\multicolundershoot=\dimen190
\mult@nat@firstbox=\box98
\colbreak@box=\box99
\mc@col@check@num=\count293
) (/usr/local/texlive/2022/texmf-dist/tex/latex/url/url.sty
\Urlmuskip=\muskip17
Package: url 2013/09/16  ver 3.4  Verb mode for urls, etc.
) (/usr/local/texlive/2022/texmf-dist/tex/latex/hyperref/hyperref.sty
Package: hyperref 2022-02-21 v7.00n Hypertext links for LaTeX
 (/usr/local/texlive/2022/texmf-dist/tex/generic/ltxcmds/ltxcmds.sty
Package: ltxcmds 2020-05-10 v1.25 LaTeX kernel commands for general use (HO)
) (/usr/local/texlive/2022/texmf-dist/tex/generic/iftex/iftex.sty
Package: iftex 2022/02/03 v1.0f TeX engine tests
) (/usr/local/texlive/2022/texmf-dist/tex/generic/pdftexcmds/pdftexcmds.sty
Package: pdftexcmds 2020-06-27 v0.33 Utility functions of pdfTeX for LuaTeX (HO)
 (/usr/local/texlive/2022/texmf-dist/tex/generic/infwarerr/infwarerr.sty
Package: infwarerr 2019/12/03 v1.5 Providing info/warning/error messages (HO)
)
Package pdftexcmds Info: \pdf@primitive is available.
Package pdftexcmds Info: \pdf@ifprimitive is available.
Package pdftexcmds Info: \pdfdraftmode found.
) (/usr/local/texlive/2022/texmf-dist/tex/generic/kvsetkeys/kvsetkeys.sty
Package: kvsetkeys 2019/12/15 v1.18 Key value parser (HO)
) (/usr/local/texlive/2022/texmf-dist/tex/generic/kvdefinekeys/kvdefinekeys.sty
Package: kvdefinekeys 2019-12-19 v1.6 Define keys (HO)
) (/usr/local/texlive/2022/texmf-dist/tex/generic/pdfescape/pdfescape.sty
Package: pdfescape 2019/12/09 v1.15 Implements pdfTeX's escape features (HO)
) (/usr/local/texlive/2022/texmf-dist/tex/latex/hycolor/hycolor.sty
Package: hycolor 2020-01-27 v1.10 Color options for hyperref/bookmark (HO)
) (/usr/local/texlive/2022/texmf-dist/tex/latex/letltxmacro/letltxmacro.sty
Package: letltxmacro 2019/12/03 v1.6 Let assignment for LaTeX macros (HO)
) (/usr/local/texlive/2022/texmf-dist/tex/latex/auxhook/auxhook.sty
Package: auxhook 2019-12-17 v1.6 Hooks for auxiliary files (HO)
) (/usr/local/texlive/2022/texmf-dist/tex/latex/kvoptions/kvoptions.sty
Package: kvoptions 2020-10-07 v3.14 Key value format for package options (HO)
)
\@linkdim=\dimen191
\Hy@linkcounter=\count294
\Hy@pagecounter=\count295
 (/usr/local/texlive/2022/texmf-dist/tex/latex/hyperref/pd1enc.def
File: pd1enc.def 2022-02-21 v7.00n Hyperref: PDFDocEncoding definition (HO)
Now handling font encoding PD1 ...
... no UTF-8 mapping file for font encoding PD1
) (/usr/local/texlive/2022/texmf-dist/tex/generic/intcalc/intcalc.sty
Package: intcalc 2019/12/15 v1.3 Expandable calculations with integers (HO)
) (/usr/local/texlive/2022/texmf-dist/tex/generic/etexcmds/etexcmds.sty
Package: etexcmds 2019/12/15 v1.7 Avoid name clashes with e-TeX commands (HO)
)
\Hy@SavedSpaceFactor=\count296
 (/usr/local/texlive/2022/texmf-dist/tex/latex/hyperref/puenc.def
File: puenc.def 2022-02-21 v7.00n Hyperref: PDF Unicode definition (HO)
Now handling font encoding PU ...
... no UTF-8 mapping file for font encoding PU
)
Package hyperref Info: Option `final' set `true' on input line 4018.
Package hyperref Info: Option `breaklinks' set `true' on input line 4018.
Package hyperref Info: Hyper figures OFF on input line 4137.
Package hyperref Info: Link nesting OFF on input line 4142.
Package hyperref Info: Hyper index ON on input line 4145.
Package hyperref Info: Plain pages OFF on input line 4152.
Package hyperref Info: Backreferencing OFF on input line 4157.
Package hyperref Info: Implicit mode ON; LaTeX internals redefined.
Package hyperref Info: Bookmarks ON on input line 4390.
\c@Hy@tempcnt=\count297
LaTeX Info: Redefining \url on input line 4749.
\XeTeXLinkMargin=\dimen192
 (/usr/local/texlive/2022/texmf-dist/tex/generic/bitset/bitset.sty
Package: bitset 2019/12/09 v1.3 Handle bit-vector datatype (HO)
 (/usr/local/texlive/2022/texmf-dist/tex/generic/bigintcalc/bigintcalc.sty
Package: bigintcalc 2019/12/15 v1.5 Expandable calculations on big integers (HO)
))
\Fld@menulength=\count298
\Field@Width=\dimen193
\Fld@charsize=\dimen194
Package hyperref Info: Hyper figures OFF on input line 6027.
Package hyperref Info: Link nesting OFF on input line 6032.
Package hyperref Info: Hyper index ON on input line 6035.
Package hyperref Info: backreferencing OFF on input line 6042.
Package hyperref Info: Link coloring OFF on input line 6047.
Package hyperref Info: Link coloring with OCG OFF on input line 6052.
Package hyperref Info: PDF/A mode OFF on input line 6057.
LaTeX Info: Redefining \ref on input line 6097.
LaTeX Info: Redefining \pageref on input line 6101.
 (/usr/local/texlive/2022/texmf-dist/tex/latex/base/atbegshi-ltx.sty
Package: atbegshi-ltx 2021/01/10 v1.0c Emulation of the original atbegshi
package with kernel methods
)
\Hy@abspage=\count299
\c@Item=\count300
\c@Hfootnote=\count301
)
Package hyperref Info: Driver (autodetected): hpdftex.
 (/usr/local/texlive/2022/texmf-dist/tex/latex/hyperref/hpdftex.def
File: hpdftex.def 2022-02-21 v7.00n Hyperref driver for pdfTeX
 (/usr/local/texlive/2022/texmf-dist/tex/latex/base/atveryend-ltx.sty
Package: atveryend-ltx 2020/08/19 v1.0a Emulation of the original atveryend package
with kernel methods
)
\Fld@listcount=\count302
\c@bookmark@seq@number=\count303
 (/usr/local/texlive/2022/texmf-dist/tex/latex/rerunfilecheck/rerunfilecheck.sty
Package: rerunfilecheck 2019/12/05 v1.9 Rerun checks for auxiliary files (HO)
 (/usr/local/texlive/2022/texmf-dist/tex/generic/uniquecounter/uniquecounter.sty
Package: uniquecounter 2019/12/15 v1.4 Provide unlimited unique counter (HO)
)
Package uniquecounter Info: New unique counter `rerunfilecheck' on input line 286.
)
\Hy@SectionHShift=\skip59
) (/usr/local/texlive/2022/texmf-dist/tex/latex/appendix/appendix.sty
Package: appendix 2020/02/08 v1.2c extra appendix facilities
\c@@pps=\count304
\c@@ppsavesec=\count305
\c@@ppsaveapp=\count306
) (/usr/local/texlive/2022/texmf-dist/tex/latex/siunitx/siunitx.sty
Package: siunitx 2022-02-15 v3.0.49 A comprehensive (SI) units package
\l__siunitx_angle_tmp_dim=\dimen195
\l__siunitx_angle_marker_box=\box100
\l__siunitx_angle_unit_box=\box101
\l__siunitx_compound_count_int=\count307
 (/usr/local/texlive/2022/texmf-dist/tex/latex/translations/translations.sty
Package: translations 2022/02/05 v1.12 internationalization of LaTeX2e packages (CN)
 (/usr/local/texlive/2022/texmf-dist/tex/latex/etoolbox/etoolbox.sty
Package: etoolbox 2020/10/05 v2.5k e-TeX tools for LaTeX (JAW)
\etb@tempcnta=\count308
))
\l__siunitx_number_exponent_fixed_int=\count309
\l__siunitx_number_min_decimal_int=\count310
\l__siunitx_number_min_integer_int=\count311
\l__siunitx_number_round_precision_int=\count312
\l__siunitx_number_group_minimum_int=\count313
\l__siunitx_table_tmp_box=\box102
\l__siunitx_table_tmp_dim=\dimen196
\l__siunitx_table_column_width_dim=\dimen197
\l__siunitx_table_integer_box=\box103
\l__siunitx_table_decimal_box=\box104
\l__siunitx_table_before_box=\box105
\l__siunitx_table_after_box=\box106
\l__siunitx_table_before_dim=\dimen198
\l__siunitx_table_carry_dim=\dimen199
\l__siunitx_unit_tmp_int=\count314
\l__siunitx_unit_position_int=\count315
\l__siunitx_unit_total_int=\count316
 (/usr/local/texlive/2022/texmf-dist/tex/latex/l3packages/l3keys2e/l3keys2e.sty (/usr/local/texlive/2022/texmf-dist/tex/latex/l3kernel/expl3.sty
Package: expl3 2022-02-24 L3 programming layer (loader) 
 (/usr/local/texlive/2022/texmf-dist/tex/latex/l3backend/l3backend-pdftex.def
File: l3backend-pdftex.def 2022-02-07 L3 backend support: PDF output (pdfTeX)
\l__color_backend_stack_int=\count317
\l__pdf_internal_box=\box107
))
Package: l3keys2e 2022-01-12 LaTeX2e option processing using LaTeX3 keys
) (/usr/local/texlive/2022/texmf-dist/tex/latex/tools/array.sty
Package: array 2021/10/04 v2.5f Tabular extension package (FMi)
\col@sep=\dimen256
\ar@mcellbox=\box108
\extrarowheight=\dimen257
\NC@list=\toks25
\extratabsurround=\skip60
\backup@length=\skip61
\ar@cellbox=\box109
)) (/usr/local/texlive/2022/texmf-dist/tex/latex/notoccite/notoccite.sty
Package: notoccite 2000/07/20
))
Package translations Info: No language package found. I am going to use `english' as default language. on input line 12.
 (./main.aux)
\openout1 = `main.aux'.

LaTeX Font Info:    Checking defaults for OML/cmm/m/it on input line 12.
LaTeX Font Info:    ... okay on input line 12.
LaTeX Font Info:    Checking defaults for OMS/cmsy/m/n on input line 12.
LaTeX Font Info:    ... okay on input line 12.
LaTeX Font Info:    Checking defaults for OT1/cmr/m/n on input line 12.
LaTeX Font Info:    ... okay on input line 12.
LaTeX Font Info:    Checking defaults for T1/cmr/m/n on input line 12.
LaTeX Font Info:    ... okay on input line 12.
LaTeX Font Info:    Checking defaults for TS1/cmr/m/n on input line 12.
LaTeX Font Info:    ... okay on input line 12.
LaTeX Font Info:    Checking defaults for OMX/cmex/m/n on input line 12.
LaTeX Font Info:    ... okay on input line 12.
LaTeX Font Info:    Checking defaults for U/cmr/m/n on input line 12.
LaTeX Font Info:    ... okay on input line 12.
LaTeX Font Info:    Checking defaults for PD1/pdf/m/n on input line 12.
LaTeX Font Info:    ... okay on input line 12.
LaTeX Font Info:    Checking defaults for PU/pdf/m/n on input line 12.
LaTeX Font Info:    ... okay on input line 12.
 (/usr/local/texlive/2022/texmf-dist/tex/context/base/mkii/supp-pdf.mkii
[Loading MPS to PDF converter (version 2006.09.02).]
\scratchcounter=\count318
\scratchdimen=\dimen258
\scratchbox=\box110
\nofMPsegments=\count319
\nofMParguments=\count320
\everyMPshowfont=\toks26
\MPscratchCnt=\count321
\MPscratchDim=\dimen259
\MPnumerator=\count322
\makeMPintoPDFobject=\count323
\everyMPtoPDFconversion=\toks27
) (/usr/local/texlive/2022/texmf-dist/tex/latex/epstopdf-pkg/epstopdf-base.sty
Package: epstopdf-base 2020-01-24 v2.11 Base part for package epstopdf
Package epstopdf-base Info: Redefining graphics rule for `.eps' on input line 485.
 (/usr/local/texlive/2022/texmf-dist/tex/latex/latexconfig/epstopdf-sys.cfg
File: epstopdf-sys.cfg 2010/07/13 v1.3 Configuration of (r)epstopdf for TeX Live
))
Package caption Info: Begin \AtBeginDocument code.
Package caption Info: hyperref package is loaded.
Package caption Info: End \AtBeginDocument code.
Package hyperref Info: Link coloring OFF on input line 12.
 (/usr/local/texlive/2022/texmf-dist/tex/latex/hyperref/nameref.sty
Package: nameref 2021-04-02 v2.47 Cross-referencing by name of section
 (/usr/local/texlive/2022/texmf-dist/tex/latex/refcount/refcount.sty
Package: refcount 2019/12/15 v3.6 Data extraction from label references (HO)
) (/usr/local/texlive/2022/texmf-dist/tex/generic/gettitlestring/gettitlestring.sty
Package: gettitlestring 2019/12/15 v1.6 Cleanup title references (HO)
)
\c@section@level=\count324
)
LaTeX Info: Redefining \ref on input line 12.
LaTeX Info: Redefining \pageref on input line 12.
LaTeX Info: Redefining \nameref on input line 12.
 (./main.out) (./main.out)
\@outlinefile=\write3
\openout3 = `main.out'.

 (/usr/local/texlive/2022/texmf-dist/tex/latex/translations/translations-basic-dictionary-english.trsl
File: translations-basic-dictionary-english.trsl (english translation file `translations-basic-dictionary')
)
Package translations Info: loading dictionary `translations-basic-dictionary' for `english'. on input line 12.
 (./chapters/abstract.tex
LaTeX Font Info:    Trying to load font information for U+msa on input line 26.
 (/usr/local/texlive/2022/texmf-dist/tex/latex/amsfonts/umsa.fd
File: umsa.fd 2013/01/14 v3.01 AMS symbols A
)
LaTeX Font Info:    Trying to load font information for U+msb on input line 26.
 (/usr/local/texlive/2022/texmf-dist/tex/latex/amsfonts/umsb.fd
File: umsb.fd 2013/01/14 v3.01 AMS symbols B
)) [1

{/usr/local/texlive/2022/texmf-var/fonts/map/pdftex/updmap/pdftex.map}] [2] (./chapters/acknowledge.tex [3]) (./main.toc [4


])
\tf@toc=\write4
\openout4 = `main.toc'.

 [5] (./main.lof
Overfull \hbox (0.45981pt too wide) in paragraph at lines 14--14
 [][] [][]\OT1/cmr/m/n/12 Virtual impedance and cas-caded PI volt-age con-trol block scheme[[]].[] [][]  
 []

[6

])
\tf@lof=\write5
\openout5 = `main.lof'.

 [7] (./main.lot)
\tf@lot=\write6
\openout6 = `main.lot'.

 [8

] (./chapters/introduction.tex
Chapter 1.
<images/future_grid.png, id=393, 533.995pt x 171.64125pt>
File: images/future_grid.png Graphic file (type png)
<use images/future_grid.png>
Package pdftex.def Info: images/future_grid.png  used on input line 29.
(pdftex.def)             Requested size: 398.33858pt x 128.0418pt.
[1


 <./images/future_grid.png>]
<images/gfli_vs_gfmi.png, id=411, 1101.11375pt x 510.90875pt>
File: images/gfli_vs_gfmi.png Graphic file (type png)
<use images/gfli_vs_gfmi.png>
Package pdftex.def Info: images/gfli_vs_gfmi.png  used on input line 77.
(pdftex.def)             Requested size: 398.33858pt x 184.82353pt.
 [2 <./images/gfli_vs_gfmi.png>]) [3] (./chapters/vsg-overview.tex
Chapter 2.
[4

]
<images/control_methods.png, id=456, 760.8425pt x 459.7175pt>
File: images/control_methods.png Graphic file (type png)
<use images/control_methods.png>
Package pdftex.def Info: images/control_methods.png  used on input line 62.
(pdftex.def)             Requested size: 341.43306pt x 206.30276pt.
<images/VSYNC.png, id=460, 707.64375pt x 418.56375pt>
File: images/VSYNC.png Graphic file (type png)
<use images/VSYNC.png>
Package pdftex.def Info: images/VSYNC.png  used on input line 88.
(pdftex.def)             Requested size: 341.43306pt x 201.95573pt.
 [5 <./images/control_methods.png>] [6 <./images/VSYNC.png>]
<images/VISMA1Concept.png, id=477, 549.05125pt x 315.1775pt>
File: images/VISMA1Concept.png Graphic file (type png)
<use images/VISMA1Concept.png>
Package pdftex.def Info: images/VISMA1Concept.png  used on input line 129.
(pdftex.def)             Requested size: 227.62204pt x 130.66156pt.
<images/VISMA1block.png, id=478, 545.03625pt x 398.48875pt>
File: images/VISMA1block.png Graphic file (type png)
<use images/VISMA1block.png>
Package pdftex.def Info: images/VISMA1block.png  used on input line 136.
(pdftex.def)             Requested size: 142.26378pt x 104.01201pt.
<images/VISMA2Concept.png, id=481, 551.05875pt x 308.15125pt>
File: images/VISMA2Concept.png Graphic file (type png)
<use images/VISMA2Concept.png>
Package pdftex.def Info: images/VISMA2Concept.png  used on input line 148.
(pdftex.def)             Requested size: 227.62204pt x 127.28792pt.
<images/VISMA2block.png, id=482, 549.05125pt x 396.48125pt>
File: images/VISMA2block.png Graphic file (type png)
<use images/VISMA2block.png>
Package pdftex.def Info: images/VISMA2block.png  used on input line 155.
(pdftex.def)             Requested size: 142.26378pt x 102.7318pt.
 [7 <./images/VISMA1Concept.png> <./images/VISMA1block.png> <./images/VISMA2Concept.png> <./images/VISMA2block.png>] [8]
<images/KHI.png, id=500, 669.50125pt x 312.16624pt>
File: images/KHI.png Graphic file (type png)
<use images/KHI.png>
Package pdftex.def Info: images/KHI.png  used on input line 244.
(pdftex.def)             Requested size: 398.33858pt x 185.73883pt.
 [9 <./images/KHI.png>]
<images/ISE.png, id=510, 559.08875pt x 371.3875pt>
File: images/ISE.png Graphic file (type png)
<use images/ISE.png>
Package pdftex.def Info: images/ISE.png  used on input line 279.
(pdftex.def)             Requested size: 398.33858pt x 264.61633pt.
 [10 <./images/ISE.png>]
<images/synchronverter_topology.png, id=520, 1453.43pt x 485.815pt>
File: images/synchronverter_topology.png Graphic file (type png)
<use images/synchronverter_topology.png>
Package pdftex.def Info: images/synchronverter_topology.png  used on input line 315.
(pdftex.def)             Requested size: 341.43306pt x 114.12206pt.
<images/synchronverter_control.png, id=521, 726.715pt x 593.21625pt>
File: images/synchronverter_control.png Graphic file (type png)
<use images/synchronverter_control.png>
Package pdftex.def Info: images/synchronverter_control.png  used on input line 322.
(pdftex.def)             Requested size: 227.62204pt x 185.80505pt.
 [11 <./images/synchronverter_topology.png> <./images/synchronverter_control.png>]
<images/CVSM.png, id=538, 931.48pt x 432.61626pt>
File: images/CVSM.png Graphic file (type png)
<use images/CVSM.png>
Package pdftex.def Info: images/CVSM.png  used on input line 387.
(pdftex.def)             Requested size: 341.43306pt x 158.57364pt.
<images/CVSM_power.png, id=544, 1037.8775pt x 340.27126pt>
File: images/CVSM_power.png Graphic file (type png)
<use images/CVSM_power.png>
Package pdftex.def Info: images/CVSM_power.png  used on input line 409.
(pdftex.def)             Requested size: 341.43306pt x 111.94199pt.
 [12]
<images/CVSM_cascaded.png, id=556, 1380.15625pt x 545.03625pt>
File: images/CVSM_cascaded.png Graphic file (type png)
<use images/CVSM_cascaded.png>
Package pdftex.def Info: images/CVSM_cascaded.png  used on input line 433.
(pdftex.def)             Requested size: 341.43306pt x 134.8366pt.
 [13 <./images/CVSM.png> <./images/CVSM_power.png>]) [14 <./images/CVSM_cascaded.png>] [15] (./chapters/vsm-modeling.tex
Chapter 3.
<images/generic_gfmi.png, id=587, 818.05624pt x 460.72125pt>
File: images/generic_gfmi.png Graphic file (type png)
<use images/generic_gfmi.png>
Package pdftex.def Info: images/generic_gfmi.png  used on input line 35.
(pdftex.def)             Requested size: 341.43306pt x 192.29243pt.
[16

]
<images/VSC.png, id=605, 878.28125pt x 383.4325pt>
File: images/VSC.png Graphic file (type png)
<use images/VSC.png>
Package pdftex.def Info: images/VSC.png  used on input line 73.
(pdftex.def)             Requested size: 341.43306pt x 149.06416pt.
 [17 <./images/generic_gfmi.png> <./images/VSC.png>]
<images/half_bridge.png, id=615, 677.53125pt x 383.4325pt>
File: images/half_bridge.png Graphic file (type png)
<use images/half_bridge.png>
Package pdftex.def Info: images/half_bridge.png  used on input line 102.
(pdftex.def)             Requested size: 341.43306pt x 193.23111pt.
 [18 <./images/half_bridge.png>]
<images/pwm.png, id=623, 463.7325pt x 545.03625pt>
File: images/pwm.png Graphic file (type png)
<use images/pwm.png>
Package pdftex.def Info: images/pwm.png  used on input line 121.
(pdftex.def)             Requested size: 227.62204pt x 267.53583pt.
<images/park_transform_axes_01.png, id=630, 268.00125pt x 236.885pt>
File: images/park_transform_axes_01.png Graphic file (type png)
<use images/park_transform_axes_01.png>
Package pdftex.def Info: images/park_transform_axes_01.png  used on input line 161.
(pdftex.def)             Requested size: 142.26378pt x 125.74364pt.
<images/park_transform_axes_02.png, id=631, 277.035pt x 254.9525pt>
File: images/park_transform_axes_02.png Graphic file (type png)
<use images/park_transform_axes_02.png>
Package pdftex.def Info: images/park_transform_axes_02.png  used on input line 167.
(pdftex.def)             Requested size: 142.26378pt x 130.92268pt.
 [19 <./images/pwm.png>] [20 <./images/park_transform_axes_01.png> <./images/park_transform_axes_02.png>] [21]
<images/sm_overall_model.png, id=668, 451.6875pt x 394.47375pt>
File: images/sm_overall_model.png Graphic file (type png)
<use images/sm_overall_model.png>
Package pdftex.def Info: images/sm_overall_model.png  used on input line 329.
(pdftex.def)             Requested size: 227.62204pt x 198.79535pt.

Overfull \hbox (0.33882pt too wide) in paragraph at lines 334--341
[]\OT1/cmr/m/n/12 The dig-i-tal im-ple-men-ta-tion of the Swing Equa-tion is il-lus-trated by the schema
 []

<images/swing_equation_blocks.png, id=670, 546.04pt x 225.84375pt>
File: images/swing_equation_blocks.png Graphic file (type png)
<use images/swing_equation_blocks.png>
Package pdftex.def Info: images/swing_equation_blocks.png  used on input line 345.
(pdftex.def)             Requested size: 341.43306pt x 141.21745pt.
<images/avr_blocks.png, id=672, 1294.8375pt x 591.20876pt>
File: images/avr_blocks.png Graphic file (type png)
<use images/avr_blocks.png>
Package pdftex.def Info: images/avr_blocks.png  used on input line 360.
(pdftex.def)             Requested size: 341.43306pt x 155.89375pt.
[22 <./images/sm_overall_model.png>]
<images/classical_block.png, id=685, 403.5075pt x 396.48125pt>
File: images/classical_block.png Graphic file (type png)
<use images/classical_block.png>
Package pdftex.def Info: images/classical_block.png  used on input line 382.
(pdftex.def)             Requested size: 142.26378pt x 139.78688pt.
 [23 <./images/swing_equation_blocks.png> <./images/avr_blocks.png> <./images/classical_block.png>]
<images/1_axis_block.png, id=695, 707.64375pt x 512.91624pt>
File: images/1_axis_block.png Graphic file (type png)
<use images/1_axis_block.png>
Package pdftex.def Info: images/1_axis_block.png  used on input line 390.
(pdftex.def)             Requested size: 341.43306pt x 247.48055pt.
<images/2_axis_block.png, id=696, 712.6625pt x 600.2425pt>
File: images/2_axis_block.png Graphic file (type png)
<use images/2_axis_block.png>
Package pdftex.def Info: images/2_axis_block.png  used on input line 397.
(pdftex.def)             Requested size: 341.43306pt x 287.57274pt.
 [24 <./images/1_axis_block.png> <./images/2_axis_block.png>]
<images/cascaded_pi.png, id=712, 922.44624pt x 450.68375pt>
File: images/cascaded_pi.png Graphic file (type png)
<use images/cascaded_pi.png>
Package pdftex.def Info: images/cascaded_pi.png  used on input line 477.
(pdftex.def)             Requested size: 341.43306pt x 166.81226pt.
 [25]) [26 <./images/cascaded_pi.png>] (./chapters/simulations.tex
Chapter 4.
<images/WSCC9.png, id=732, 873.2625pt x 753.81625pt>
File: images/WSCC9.png Graphic file (type png)
<use images/WSCC9.png>
Package pdftex.def Info: images/WSCC9.png  used on input line 22.
(pdftex.def)             Requested size: 341.43306pt x 294.7233pt.
[27

 <./images/WSCC9.png>] [28] [29] [30]
<images/omega_load_increase.png, id=786, 2569.6pt x 2682.02pt>
File: images/omega_load_increase.png Graphic file (type png)
<use images/omega_load_increase.png>
Package pdftex.def Info: images/omega_load_increase.png  used on input line 192.
(pdftex.def)             Requested size: 408.0pt x 425.81711pt.
 [31 <./images/omega_load_increase.png (PNG copy)>]
<images/voltage_load_increase.png, id=791, 2569.6pt x 2682.02pt>
File: images/voltage_load_increase.png Graphic file (type png)
<use images/voltage_load_increase.png>
Package pdftex.def Info: images/voltage_load_increase.png  used on input line 200.
(pdftex.def)             Requested size: 408.0pt x 425.81711pt.
 [32 <./images/voltage_load_increase.png (PNG copy)>]
<images/current_load_increase.png, id=796, 2569.6pt x 2682.02pt>
File: images/current_load_increase.png Graphic file (type png)
<use images/current_load_increase.png>
Package pdftex.def Info: images/current_load_increase.png  used on input line 208.
(pdftex.def)             Requested size: 408.0pt x 425.81711pt.
 [33 <./images/current_load_increase.png (PNG copy)>]
<images/active_load_increase.png, id=801, 2569.6pt x 2682.02pt>
File: images/active_load_increase.png Graphic file (type png)
<use images/active_load_increase.png>
Package pdftex.def Info: images/active_load_increase.png  used on input line 216.
(pdftex.def)             Requested size: 408.0pt x 425.81711pt.
 [34 <./images/active_load_increase.png (PNG copy)>]
<images/reactive_load_increase.png, id=806, 2569.6pt x 2682.02pt>
File: images/reactive_load_increase.png Graphic file (type png)
<use images/reactive_load_increase.png>
Package pdftex.def Info: images/reactive_load_increase.png  used on input line 224.
(pdftex.def)             Requested size: 408.0pt x 425.81711pt.
 [35 <./images/reactive_load_increase.png (PNG copy)>]
<images/omega_disconnection.png, id=817, 2569.6pt x 2682.02pt>
File: images/omega_disconnection.png Graphic file (type png)
<use images/omega_disconnection.png>
Package pdftex.def Info: images/omega_disconnection.png  used on input line 259.
(pdftex.def)             Requested size: 408.0pt x 425.81711pt.
 [36 <./images/omega_disconnection.png (PNG copy)>]
<images/voltage_disconnection.png, id=822, 2569.6pt x 2682.02pt>
File: images/voltage_disconnection.png Graphic file (type png)
<use images/voltage_disconnection.png>
Package pdftex.def Info: images/voltage_disconnection.png  used on input line 267.
(pdftex.def)             Requested size: 408.0pt x 425.81711pt.
 [37 <./images/voltage_disconnection.png (PNG copy)>]
<images/current_disconnection.png, id=827, 2569.6pt x 2682.02pt>
File: images/current_disconnection.png Graphic file (type png)
<use images/current_disconnection.png>
Package pdftex.def Info: images/current_disconnection.png  used on input line 275.
(pdftex.def)             Requested size: 408.0pt x 425.81711pt.
 [38 <./images/current_disconnection.png (PNG copy)>]
<images/active_disconnection.png, id=832, 2569.6pt x 2682.02pt>
File: images/active_disconnection.png Graphic file (type png)
<use images/active_disconnection.png>
Package pdftex.def Info: images/active_disconnection.png  used on input line 283.
(pdftex.def)             Requested size: 408.0pt x 425.81711pt.
 [39 <./images/active_disconnection.png (PNG copy)>]
<images/reactive_disconnection.png, id=837, 2569.6pt x 2682.02pt>
File: images/reactive_disconnection.png Graphic file (type png)
<use images/reactive_disconnection.png>
Package pdftex.def Info: images/reactive_disconnection.png  used on input line 291.
(pdftex.def)             Requested size: 408.0pt x 425.81711pt.
<images/omega_varying.png, id=839, 2569.6pt x 1260.71pt>
File: images/omega_varying.png Graphic file (type png)
<use images/omega_varying.png>
Package pdftex.def Info: images/omega_varying.png  used on input line 308.
(pdftex.def)             Requested size: 408.0pt x 200.15953pt.
<images/voltage_varying.png, id=840, 2569.6pt x 1260.71pt>
File: images/voltage_varying.png Graphic file (type png)
<use images/voltage_varying.png>
Package pdftex.def Info: images/voltage_varying.png  used on input line 315.
(pdftex.def)             Requested size: 408.0pt x 200.15953pt.
 [40 <./images/reactive_disconnection.png (PNG copy)>]
<images/omega_varying2.png, id=851, 2569.6pt x 1260.71pt>
File: images/omega_varying2.png Graphic file (type png)
<use images/omega_varying2.png>
Package pdftex.def Info: images/omega_varying2.png  used on input line 340.
(pdftex.def)             Requested size: 408.0pt x 200.15953pt.
<images/voltage_varying2.png, id=852, 2569.6pt x 1260.71pt>
File: images/voltage_varying2.png Graphic file (type png)
<use images/voltage_varying2.png>
Package pdftex.def Info: images/voltage_varying2.png  used on input line 347.
(pdftex.def)             Requested size: 408.0pt x 200.15953pt.
) [41 <./images/omega_varying.png (PNG copy)> <./images/voltage_varying.png (PNG copy)>] (./chapters/conclusion.tex [42 <./images/omega_varying2.png (PNG copy)> <./images/voltage_varying2.png (PNG copy)>]
Chapter 5.
[43

]) [44] [45


] (./chapters/synchronous-generators.tex
Appendix A.
<images/sg-schematic.png, id=878, 405.515pt x 368.37625pt>
File: images/sg-schematic.png Graphic file (type png)
<use images/sg-schematic.png>
Package pdftex.def Info: images/sg-schematic.png  used on input line 38.
(pdftex.def)             Requested size: 163.19751pt x 148.25285pt.
[46

] [47 <./images/sg-schematic.png>] [48] [49] [50] [51] [52] [53]) (./main.bbl [54] [55

] [56] [57]
Underfull \hbox (badness 10000) in paragraph at lines 210--213
[]\OT1/cmr/m/n/12 S. Siva-sub-ra-mani, ``Syn-chronous ma-chine mod-el-
 []


Underfull \hbox (badness 10000) in paragraph at lines 210--213
\OT1/cmr/m/n/12 ing.'' \OT1/cmr/m/sc/12 url: []$\OT1/cmtt/m/n/12 https : / / www\OML/cmm/m/it/12 :\OT1/cmtt/m/n/12 iitp\OML/cmm/m/it/12 :\OT1/cmtt/m/n/12 ac\OML/cmm/m/it/12 :\OT1/cmtt/m/n/12 in / []siva / 2022 / ee549 /
 []

) [58] (./main.aux)
Package rerunfilecheck Info: File `main.out' has not changed.
(rerunfilecheck)             Checksum: 22041094E8B03C700253C4EEED0B8997;7932.
 ) 
Here is how much of TeX's memory you used:
 16479 strings out of 478268
 319159 string characters out of 5846346
 587548 words of memory out of 5000000
 34198 multiletter control sequences out of 15000+600000
 481031 words of font info for 71 fonts, out of 8000000 for 9000
 1141 hyphenation exceptions out of 8191
 75i,14n,82p,450b,896s stack positions out of 10000i,1000n,20000p,200000b,200000s
{/usr/local/texlive/2022/texmf-dist/fonts/enc/dvips/cm-super/cm-super-ts1.enc}</usr/local/texlive/2022/texmf-dist/fonts/type1/public/amsfonts/cm/cmbx10.pfb></usr/local/texlive/2022/texmf-dist/fonts/type1/public/amsfonts/cm/cmbx12.pfb></usr/local/texlive/2022/texmf-dist/fonts/type1/public/amsfonts/cm/cmbxti10.pfb></usr/local/texlive/2022/texmf-dist/fonts/type1/public/amsfonts/cm/cmcsc10.pfb></usr/local/texlive/2022/texmf-dist/fonts/type1/public/amsfonts/cm/cmex10.pfb></usr/local/texlive/2022/texmf-dist/fonts/type1/public/amsfonts/cm/cmmi10.pfb></usr/local/texlive/2022/texmf-dist/fonts/type1/public/amsfonts/cm/cmmi12.pfb></usr/local/texlive/2022/texmf-dist/fonts/type1/public/amsfonts/cm/cmmi6.pfb></usr/local/texlive/2022/texmf-dist/fonts/type1/public/amsfonts/cm/cmmi8.pfb></usr/local/texlive/2022/texmf-dist/fonts/type1/public/amsfonts/cm/cmr10.pfb></usr/local/texlive/2022/texmf-dist/fonts/type1/public/amsfonts/cm/cmr12.pfb></usr/local/texlive/2022/texmf-dist/fonts/type1/public/amsfonts/cm/cmr6.pfb></usr/local/texlive/2022/texmf-dist/fonts/type1/public/amsfonts/cm/cmr8.pfb></usr/local/texlive/2022/texmf-dist/fonts/type1/public/amsfonts/cm/cmsy10.pfb></usr/local/texlive/2022/texmf-dist/fonts/type1/public/amsfonts/cm/cmsy6.pfb></usr/local/texlive/2022/texmf-dist/fonts/type1/public/amsfonts/cm/cmsy8.pfb></usr/local/texlive/2022/texmf-dist/fonts/type1/public/amsfonts/cm/cmti12.pfb></usr/local/texlive/2022/texmf-dist/fonts/type1/public/amsfonts/cm/cmtt12.pfb></usr/local/texlive/2022/texmf-dist/fonts/type1/public/cm-super/sfrm1200.pfb>
Output written on main.pdf (66 pages, 6781751 bytes).
PDF statistics:
 1128 PDF objects out of 1200 (max. 8388607)
 924 compressed objects within 10 object streams
 225 named destinations out of 1000 (max. 500000)
 549 words of extra memory for PDF output out of 10000 (max. 10000000)

